Build started 19.3.2013 г. 17:36:38 ч..
     1>Project "D:\Hunters\Hunters\Hunters\Hunters.vcxproj" on node 2 (build target(s)).
     1>PrepareForBuild:
         Creating directory "D:\Hunters\Hunters\Debug\".
       InitializeBuildStatus:
         Creating "Debug\Hunters.unsuccessfulbuild" because "AlwaysCreate" was specified.
       ClCompile:
         C:\Program Files (x86)\Microsoft Visual Studio 10.0\VC\bin\CL.exe /c /ZI /nologo /W3 /WX- /Od /Oy- /D WIN32 /D _DEBUG /D _CONSOLE /D _UNICODE /D UNICODE /Gm /EHsc /RTC1 /MDd /GS /fp:precise /Zc:wchar_t /Zc:forScope /Fo"Debug\\" /Fd"Debug\vc100.pdb" /Gd /TP /analyze- /errorReport:prompt Main.cpp
         Main.cpp
       ManifestResourceCompile:
         C:\Program Files (x86)\Microsoft SDKs\Windows\v7.0A\bin\rc.exe /nologo /fo"Debug\Hunters.exe.embed.manifest.res" Debug\Hunters_manifest.rc 
       Link:
         C:\Program Files (x86)\Microsoft Visual Studio 10.0\VC\bin\link.exe /ERRORREPORT:PROMPT /OUT:"D:\Hunters\Hunters\Debug\Hunters.exe" /INCREMENTAL /NOLOGO kernel32.lib user32.lib gdi32.lib winspool.lib comdlg32.lib advapi32.lib shell32.lib ole32.lib oleaut32.lib uuid.lib odbc32.lib odbccp32.lib /MANIFEST /ManifestFile:"Debug\Hunters.exe.intermediate.manifest" /MANIFESTUAC:"level='asInvoker' uiAccess='false'" /DEBUG /PDB:"D:\Hunters\Hunters\Debug\Hunters.pdb" /SUBSYSTEM:CONSOLE /TLBID:1 /DYNAMICBASE /NXCOMPAT /IMPLIB:"D:\Hunters\Hunters\Debug\Hunters.lib" /MACHINE:X86 Debug\Hunters.exe.embed.manifest.res
         Debug\Main.obj
       Manifest:
         C:\Program Files (x86)\Microsoft SDKs\Windows\v7.0A\bin\mt.exe /nologo /verbose /out:"Debug\Hunters.exe.embed.manifest" /manifest Debug\Hunters.exe.intermediate.manifest
         C:\Program Files (x86)\Microsoft SDKs\Windows\v7.0A\bin\rc.exe /nologo /fo"Debug\Hunters.exe.embed.manifest.res" Debug\Hunters_manifest.rc 
       LinkEmbedManifest:
         C:\Program Files (x86)\Microsoft Visual Studio 10.0\VC\bin\link.exe /ERRORREPORT:PROMPT /OUT:"D:\Hunters\Hunters\Debug\Hunters.exe" /INCREMENTAL /NOLOGO kernel32.lib user32.lib gdi32.lib winspool.lib comdlg32.lib advapi32.lib shell32.lib ole32.lib oleaut32.lib uuid.lib odbc32.lib odbccp32.lib /MANIFEST /ManifestFile:"Debug\Hunters.exe.intermediate.manifest" /MANIFESTUAC:"level='asInvoker' uiAccess='false'" /DEBUG /PDB:"D:\Hunters\Hunters\Debug\Hunters.pdb" /SUBSYSTEM:CONSOLE /TLBID:1 /DYNAMICBASE /NXCOMPAT /IMPLIB:"D:\Hunters\Hunters\Debug\Hunters.lib" /MACHINE:X86 Debug\Hunters.exe.embed.manifest.res
         Debug\Main.obj
         Hunters.vcxproj -> D:\Hunters\Hunters\Debug\Hunters.exe
       FinalizeBuildStatus:
         Deleting file "Debug\Hunters.unsuccessfulbuild".
         Touching "Debug\Hunters.lastbuildstate".
     1>Done Building Project "D:\Hunters\Hunters\Hunters\Hunters.vcxproj" (build target(s)).

Build succeeded.

Time Elapsed 00:00:01.20
